<?xml version="1.0" encoding="UTF-8"?>
<!-- Generated by org.testng.reporters.JUnitXMLReporter -->
<testsuite ignored="0" hostname="LTIN509458" failures="0" tests="8" name="Default test" time="0.113" errors="0" timestamp="2024-04-01T10:18:44 IST">
  <testcase classname="com.be.Cognizant.testCases.Main" name="@BeforeClass beforeClass" time="-1.7119469242E9">
    <failure type="org.testng.TestNGException" message="
Parameter &amp;apos;browser&amp;apos; is required by BeforeClass on method beforeClass but has not been marked @Optional or defined
in C:\Users\2327083\AppData\Local\Temp\testng-eclipse--1607097759\testng-customsuite.xml">
      <![CDATA[org.testng.TestNGException: 
Parameter 'browser' is required by BeforeClass on method beforeClass but has not been marked @Optional or defined
in C:\Users\2327083\AppData\Local\Temp\testng-eclipse--1607097759\testng-customsuite.xml
at org.testng.internal.Parameters.createParams(Parameters.java:267)
at org.testng.internal.Parameters.createParametersForMethod(Parameters.java:355)
at org.testng.internal.Parameters.createParameters(Parameters.java:693)
at org.testng.internal.Parameters.createConfigurationParameters(Parameters.java:166)
at org.testng.internal.invokers.ConfigInvoker.invokeConfigurations(ConfigInvoker.java:306)
at org.testng.internal.invokers.TestMethodWorker.invokeBeforeClassMethods(TestMethodWorker.java:180)
at org.testng.internal.invokers.TestMethodWorker.run(TestMethodWorker.java:122)
at java.base/java.util.ArrayList.forEach(ArrayList.java:1511)
at org.testng.TestRunner.privateRun(TestRunner.java:819)
at org.testng.TestRunner.run(TestRunner.java:619)
at org.testng.SuiteRunner.runTest(SuiteRunner.java:443)
at org.testng.SuiteRunner.runSequentially(SuiteRunner.java:437)
at org.testng.SuiteRunner.privateRun(SuiteRunner.java:397)
at org.testng.SuiteRunner.run(SuiteRunner.java:336)
at org.testng.SuiteRunnerWorker.runSuite(SuiteRunnerWorker.java:52)
at org.testng.SuiteRunnerWorker.run(SuiteRunnerWorker.java:95)
at org.testng.TestNG.runSuitesSequentially(TestNG.java:1301)
at org.testng.TestNG.runSuitesLocally(TestNG.java:1228)
at org.testng.TestNG.runSuites(TestNG.java:1134)
at org.testng.TestNG.run(TestNG.java:1101)
at org.testng.remote.AbstractRemoteTestNG.run(AbstractRemoteTestNG.java:115)
at org.testng.remote.RemoteTestNG.initAndRun(RemoteTestNG.java:251)
at org.testng.remote.RemoteTestNG.main(RemoteTestNG.java:77)
]]>
    </failure>
  </testcase> <!-- @BeforeClass beforeClass -->
  <testcase classname="com.be.Cognizant.testCases.Main" name="@AfterClass afterClass" time="0.0">
    <skipped/>
  </testcase> <!-- @AfterClass afterClass -->
  <testcase classname="com.be.Cognizant.testCases.Main" name="validateUserInformation" time="0.001">
    <skipped/>
  </testcase> <!-- validateUserInformation -->
  <testcase classname="com.be.Cognizant.testCases.Main" name="validateClickAcronym" time="0.0">
    <skipped/>
  </testcase> <!-- validateClickAcronym -->
  <testcase classname="com.be.Cognizant.testCases.Main" name="validateAcronymIsDisplayed" time="0.0">
    <skipped/>
  </testcase> <!-- validateAcronymIsDisplayed -->
  <testcase classname="com.be.Cognizant.testCases.Main" name="toolTipTitle" time="0.0">
    <skipped/>
  </testcase> <!-- toolTipTitle -->
  <testcase classname="com.be.Cognizant.testCases.Main" name="validatePrintAcronyms" time="0.0">
    <skipped/>
  </testcase> <!-- validatePrintAcronyms -->
  <testcase classname="com.be.Cognizant.testCases.Main" name="validateBeCognizantHomePage" time="0.0">
    <skipped/>
  </testcase> <!-- validateBeCognizantHomePage -->
  <testcase classname="com.be.Cognizant.testCases.Main" name="validateStockPrice" time="0.0">
    <skipped/>
  </testcase> <!-- validateStockPrice -->
  <testcase classname="com.be.Cognizant.testCases.Main" name="validatePastStockPrice" time="0.0">
    <skipped/>
  </testcase> <!-- validatePastStockPrice -->
</testsuite> <!-- Default test -->
